# JRE version: OpenJDK Runtime Environment (17.0.6) (build 17.0.6+0-b2043.56-10027231)
# Java VM: OpenJDK 64-Bit Server VM (17.0.6+0-b2043.56-10027231, mixed mode, tiered, compressed oops, compressed class ptrs, g1 gc, windows-amd64)
GC Precious Log:
 CPUs: 4 total, 4 available
 Memory: 3526M
 Large Page Support: Disabled
 NUMA Support: Disabled
 Compressed Oops: Enabled (32-bit)
 Heap Region Size: 1M
 Heap Min Capacity: 8M
 Heap Initial Capacity: 56M
 Heap Max Capacity: 2G
 Pre-touch: Disabled
 Parallel Workers: 4
 Concurrent Workers: 1
 Concurrent Refinement Workers: 4
 Periodic GC: Disabled
Heap:
 garbage-first heap   total 199680K, used 126180K [0x0000000080000000, 0x0000000100000000)
  region size 1024K, 25 young (25600K), 3 survivors (3072K)
 Metaspace       used 86675K, committed 87360K, reserved 1130496K
  class space    used 11467K, committed 11776K, reserved 1048576K
GC Heap History (20 events):
Event: 15.456 GC heap before
{Heap before GC invocations=28 (full 0):
 garbage-first heap   total 141312K, used 104440K [0x0000000080000000, 0x0000000100000000)
  region size 1024K, 37 young (37888K), 2 survivors (2048K)
 Metaspace       used 53531K, committed 54080K, reserved 1097728K
  class space    used 7506K, committed 7744K, reserved 1048576K
}
Event: 15.463 GC heap after
{Heap after GC invocations=29 (full 0):
 garbage-first heap   total 141312K, used 69606K [0x0000000080000000, 0x0000000100000000)
  region size 1024K, 3 young (3072K), 3 survivors (3072K)
 Metaspace       used 53531K, committed 54080K, reserved 1097728K
  class space    used 7506K, committed 7744K, reserved 1048576K
}
Event: 16.645 GC heap before
{Heap before GC invocations=30 (full 0):
 garbage-first heap   total 141312K, used 114662K [0x0000000080000000, 0x0000000100000000)
  region size 1024K, 47 young (48128K), 3 survivors (3072K)
 Metaspace       used 59272K, committed 59840K, reserved 1105920K
  class space    used 8277K, committed 8512K, reserved 1048576K
}
Event: 16.654 GC heap after
{Heap after GC invocations=31 (full 0):
 garbage-first heap   total 141312K, used 71526K [0x0000000080000000, 0x0000000100000000)
  region size 1024K, 5 young (5120K), 5 survivors (5120K)
 Metaspace       used 59272K, committed 59840K, reserved 1105920K
  class space    used 8277K, committed 8512K, reserved 1048576K
}
Event: 17.198 GC heap before
{Heap before GC invocations=31 (full 0):
 garbage-first heap   total 141312K, used 87910K [0x0000000080000000, 0x0000000100000000)
  region size 1024K, 22 young (22528K), 5 survivors (5120K)
 Metaspace       used 61862K, committed 62400K, reserved 1105920K
  class space    used 8598K, committed 8832K, reserved 1048576K
}
Event: 17.211 GC heap after
{Heap after GC invocations=32 (full 0):
 garbage-first heap   total 141312K, used 72020K [0x0000000080000000, 0x0000000100000000)
  region size 1024K, 4 young (4096K), 4 survivors (4096K)
 Metaspace       used 61862K, committed 62400K, reserved 1105920K
  class space    used 8598K, committed 8832K, reserved 1048576K
}
Event: 18.467 GC heap before
{Heap before GC invocations=33 (full 0):
 garbage-first heap   total 141312K, used 116052K [0x0000000080000000, 0x0000000100000000)
  region size 1024K, 44 young (45056K), 4 survivors (4096K)
 Metaspace       used 68087K, committed 68672K, reserved 1114112K
  class space    used 9387K, committed 9664K, reserved 1048576K
}
Event: 18.475 GC heap after
{Heap after GC invocations=34 (full 0):
 garbage-first heap   total 141312K, used 77424K [0x0000000080000000, 0x0000000100000000)
  region size 1024K, 4 young (4096K), 4 survivors (4096K)
 Metaspace       used 68087K, committed 68672K, reserved 1114112K
  class space    used 9387K, committed 9664K, reserved 1048576K
}
Event: 19.076 GC heap before
{Heap before GC invocations=35 (full 0):
 garbage-first heap   total 150528K, used 124528K [0x0000000080000000, 0x0000000100000000)
  region size 1024K, 44 young (45056K), 4 survivors (4096K)
 Metaspace       used 68593K, committed 69248K, reserved 1114112K
  class space    used 9433K, committed 9728K, reserved 1048576K
}
Event: 19.110 GC heap after
{Heap after GC invocations=36 (full 0):
 garbage-first heap   total 150528K, used 86475K [0x0000000080000000, 0x0000000100000000)
  region size 1024K, 6 young (6144K), 6 survivors (6144K)
 Metaspace       used 68593K, committed 69248K, reserved 1114112K
  class space    used 9433K, committed 9728K, reserved 1048576K
}
Event: 20.020 GC heap before
{Heap before GC invocations=36 (full 0):
 garbage-first heap   total 150528K, used 116171K [0x0000000080000000, 0x0000000100000000)
  region size 1024K, 36 young (36864K), 6 survivors (6144K)
 Metaspace       used 72509K, committed 73152K, reserved 1114112K
  class space    used 9900K, committed 10176K, reserved 1048576K
}
Event: 20.042 GC heap after
{Heap after GC invocations=37 (full 0):
 garbage-first heap   total 150528K, used 89416K [0x0000000080000000, 0x0000000100000000)
  region size 1024K, 3 young (3072K), 3 survivors (3072K)
 Metaspace       used 72509K, committed 73152K, reserved 1114112K
  class space    used 9900K, committed 10176K, reserved 1048576K
}
Event: 21.111 GC heap before
{Heap before GC invocations=38 (full 0):
 garbage-first heap   total 165888K, used 129352K [0x0000000080000000, 0x0000000100000000)
  region size 1024K, 36 young (36864K), 3 survivors (3072K)
 Metaspace       used 76523K, committed 77120K, reserved 1122304K
  class space    used 10289K, committed 10560K, reserved 1048576K
}
Event: 21.121 GC heap after
{Heap after GC invocations=39 (full 0):
 garbage-first heap   total 165888K, used 98583K [0x0000000080000000, 0x0000000100000000)
  region size 1024K, 5 young (5120K), 5 survivors (5120K)
 Metaspace       used 76523K, committed 77120K, reserved 1122304K
  class space    used 10289K, committed 10560K, reserved 1048576K
}
Event: 22.807 GC heap before
{Heap before GC invocations=39 (full 0):
 garbage-first heap   total 165888K, used 134423K [0x0000000080000000, 0x0000000100000000)
  region size 1024K, 40 young (40960K), 5 survivors (5120K)
 Metaspace       used 81525K, committed 82176K, reserved 1122304K
  class space    used 10822K, committed 11136K, reserved 1048576K
}
Event: 22.831 GC heap after
{Heap after GC invocations=40 (full 0):
 garbage-first heap   total 165888K, used 100814K [0x0000000080000000, 0x0000000100000000)
  region size 1024K, 3 young (3072K), 3 survivors (3072K)
 Metaspace       used 81525K, committed 82176K, reserved 1122304K
  class space    used 10822K, committed 11136K, reserved 1048576K
}
Event: 25.350 GC heap before
{Heap before GC invocations=41 (full 0):
 garbage-first heap   total 176128K, used 135630K [0x0000000080000000, 0x0000000100000000)
  region size 1024K, 37 young (37888K), 3 survivors (3072K)
 Metaspace       used 86162K, committed 86720K, reserved 1130496K
  class space    used 11420K, committed 11712K, reserved 1048576K
}
Event: 25.372 GC heap after
{Heap after GC invocations=42 (full 0):
 garbage-first heap   total 176128K, used 102979K [0x0000000080000000, 0x0000000100000000)
  region size 1024K, 5 young (5120K), 5 survivors (5120K)
 Metaspace       used 86162K, committed 86720K, reserved 1130496K
  class space    used 11420K, committed 11712K, reserved 1048576K
}
Event: 25.596 GC heap before
{Heap before GC invocations=42 (full 0):
 garbage-first heap   total 176128K, used 106051K [0x0000000080000000, 0x0000000100000000)
  region size 1024K, 9 young (9216K), 5 survivors (5120K)
 Metaspace       used 86596K, committed 87168K, reserved 1130496K
  class space    used 11467K, committed 11776K, reserved 1048576K
}
Event: 25.612 GC heap after
{Heap after GC invocations=43 (full 0):
 garbage-first heap   total 176128K, used 103652K [0x0000000080000000, 0x0000000100000000)
  region size 1024K, 3 young (3072K), 3 survivors (3072K)
 Metaspace       used 86596K, committed 87168K, reserved 1130496K
  class space    used 11467K, committed 11776K, reserved 1048576K
}

